C:\Program Files (x86)\Microsoft Visual Studio\2019\Community\MSBuild\Microsoft\VC\v160\Microsoft.CppBuild.targets(513,5): warning MSB8028: El directorio intermedio (x64\Debug\) contiene archivos compartidos de otro proyecto (aj-coord2.vcxproj, aj-coordNewPc.vcxproj, al-multi.vcxproj, an-camera.vcxproj, ao-kbinput.vcxproj, ap-mouseinput.vcxproj, aq-surface.vcxproj, ar-color.vcxproj, bb-specular.vcxproj, bd-material.vcxproj, be - lightingmaps.vcxproj, bf-specularmaps.vcxproj, bg-directional.vcxproj, bi-flashlight.vcxproj, bj-softspotlight.vcxproj, bk-manylights.vcxproj, ca - assimp.vcxproj, ca - assimp2.vcxproj, EB-Final.vcxproj, PC2 - Corregido.vcxproj). Esto puede dar lugar a un comportamiento incorrecto de limpieza y recompilación.
  Source.cpp
C:\glfw-3.3.4\include\mesh.hpp(63,1): warning C4267: 'argumento': conversión de 'size_t' a 'GLsizei'; posible pérdida de datos
C:\glfw-3.3.4\include\mesh.hpp(80,1): warning C4267: 'inicializando': conversión de 'size_t' a 'u32'; posible pérdida de datos
C:\glfw-3.3.4\include\mesh.hpp(80,1): warning C4267: 'inicializando': conversión de 'size_t' a 'const u32'; posible pérdida de datos
C:\glfw-3.3.4\include\mesh.hpp(81,1): warning C4267: 'inicializando': conversión de 'size_t' a 'u32'; posible pérdida de datos
C:\glfw-3.3.4\include\mesh.hpp(81,1): warning C4267: 'inicializando': conversión de 'size_t' a 'const u32'; posible pérdida de datos
C:\glfw-3.3.4\include\cam.hpp(29,1): warning C4305: 'inicializando': truncamiento de 'double' a 'f32'
C:\glfw-3.3.4\include\cam.hpp(39,12): warning C4244: '=': conversión de 'f64' a 'f32'; posible pérdida de datos
C:\glfw-3.3.4\include\cam.hpp(40,12): warning C4244: '=': conversión de 'f64' a 'f32'; posible pérdida de datos
C:\glfw-3.3.4\include\cam.hpp(45,11): warning C4244: '=': conversión de 'f64' a 'f32'; posible pérdida de datos
C:\glfw-3.3.4\include\cam.hpp(46,11): warning C4244: '=': conversión de 'f64' a 'f32'; posible pérdida de datos
C:\glfw-3.3.4\include\cam.hpp(70,1): warning C4305: '=': truncamiento de 'double' a 'f32'
C:\glfw-3.3.4\include\cam.hpp(73,1): warning C4305: '=': truncamiento de 'double' a 'f32'
C:\glfw-3.3.4\include\cam.hpp(87,1): warning C4305: '=': truncamiento de 'double' a 'f32'
C:\glfw-3.3.4\include\cam.hpp(90,1): warning C4305: '=': truncamiento de 'double' a 'f32'
D:\Ciclo 7\Compu Grafica\1EB-FINAL\EB-Final\EB-Final\aj-coordNewPc\Source.cpp(86,19): warning C4244: 'argumento': conversión de 'double' a 'unsigned int'; posible pérdida de datos
D:\Ciclo 7\Compu Grafica\1EB-FINAL\EB-Final\EB-Final\aj-coordNewPc\Source.cpp(100,13): warning C4244: 'inicializando': conversión de 'double' a 'f32'; posible pérdida de datos
D:\Ciclo 7\Compu Grafica\1EB-FINAL\EB-Final\EB-Final\aj-coordNewPc\Source.cpp(103,16): warning C4244: 'inicializando': conversión de 'int' a 'f32'; posible pérdida de datos
D:\Ciclo 7\Compu Grafica\1EB-FINAL\EB-Final\EB-Final\aj-coordNewPc\Source.cpp(116,20): warning C4244: 'inicializando': conversión de 'double' a 'f32'; posible pérdida de datos
  aj-coordNewPc.vcxproj -> D:\Ciclo 7\Compu Grafica\1EB-FINAL\EB-Final\EB-Final\x64\Debug\EB-FinalMoscol.exe
